<?xml version="1.0" encoding="UTF-8"?>
<!-- Generated by org.testng.reporters.JUnitReportReporter -->
<testsuite hostname="DESKTOP-AQKO3ES" failures="0" tests="10" name="maven20102021.amazon.com.Grouping_Of_Groups" time="0.079" errors="0" timestamp="2021-10-28T22:19:37 IST" skipped="0">
  <testcase classname="maven20102021.amazon.com.Grouping_Of_Groups" name="address" time="0.005"/>
  <system-out/>
  <testcase classname="maven20102021.amazon.com.Grouping_Of_Groups" name="ifscCode" time="0.005"/>
  <system-out/>
  <testcase classname="maven20102021.amazon.com.Grouping_Of_Groups" name="companyName" time="0.004"/>
  <system-out/>
  <testcase classname="maven20102021.amazon.com.Grouping_Of_Groups" name="department" time="0.007"/>
  <system-out/>
  <testcase classname="maven20102021.amazon.com.Grouping_Of_Groups" name="designation" time="0.004"/>
  <system-out/>
  <testcase classname="maven20102021.amazon.com.Grouping_Of_Groups" name="contactNumber" time="0.007"/>
  <system-out/>
  <testcase classname="maven20102021.amazon.com.Grouping_Of_Groups" name="location" time="0.004"/>
  <system-out/>
  <testcase classname="maven20102021.amazon.com.Grouping_Of_Groups" name="accountNumber" time="0.034"/>
  <system-out/>
  <testcase classname="maven20102021.amazon.com.Grouping_Of_Groups" name="branch" time="0.005"/>
  <system-out/>
  <testcase classname="maven20102021.amazon.com.Grouping_Of_Groups" name="name" time="0.004"/>
  <system-out/>
</testsuite> <!-- maven20102021.amazon.com.Grouping_Of_Groups -->
