<?xml version="1.0" encoding="UTF-8"?>
<!-- Generated by org.testng.reporters.JUnitReportReporter -->
<testsuite hostname="DESKTOP-AQKO3ES" failures="0" tests="5" name="maven20102021.amazon.com.Day2_Ignore_Task" time="0.086" errors="0" timestamp="2021-10-28T10:29:55 IST" skipped="1">
  <testcase classname="maven20102021.amazon.com.Day2_Ignore_Task" name="Url" time="0.006"/>
  <system-out/>
  <testcase classname="maven20102021.amazon.com.Day2_Ignore_Task" name="clearCookies" time="0.012"/>
  <system-out/>
  <testcase classname="maven20102021.amazon.com.Day2_Ignore_Task" name="Logout" time="0.015"/>
  <system-out/>
  <testcase classname="maven20102021.amazon.com.Day2_Ignore_Task" name="Login" time="0.053"/>
  <system-out/>
  <testcase classname="maven20102021.amazon.com.Day2_Ignore_Task" name="Homepage">
    <skipped/>
  </testcase> <!-- Homepage -->
  <system-out/>
</testsuite> <!-- maven20102021.amazon.com.Day2_Ignore_Task -->
