<?xml version="1.0" encoding="UTF-8"?>
<!-- Generated by org.testng.reporters.JUnitReportReporter -->
<testsuite hostname="DESKTOP-AQKO3ES" failures="0" tests="5" name="maven20102021.amazon.com.Simple_Anno_Day2" time="0.110" errors="0" timestamp="2021-10-26T11:50:43 IST" skipped="0">
  <testcase classname="maven20102021.amazon.com.Simple_Anno_Day2" name="LakmeProduct" time="0.015"/>
  <system-out/>
  <testcase classname="maven20102021.amazon.com.Simple_Anno_Day2" name="LiquidFoundation" time="0.015"/>
  <system-out/>
  <testcase classname="maven20102021.amazon.com.Simple_Anno_Day2" name="SearchBrowser" time="0.019"/>
  <system-out/>
  <testcase classname="maven20102021.amazon.com.Simple_Anno_Day2" name="Kajal" time="0.038"/>
  <system-out/>
  <testcase classname="maven20102021.amazon.com.Simple_Anno_Day2" name="SearchFashion" time="0.023"/>
  <system-out/>
</testsuite> <!-- maven20102021.amazon.com.Simple_Anno_Day2 -->
