<?xml version="1.0" encoding="UTF-8"?>
<!-- Generated by org.testng.reporters.JUnitReportReporter -->
<testsuite hostname="DESKTOP-AQKO3ES" failures="0" tests="9" name="maven20102021.amazon.com.Dependency2_Method" time="0.062" errors="0" timestamp="2021-11-08T11:57:09 IST" skipped="0">
  <testcase classname="maven20102021.amazon.com.Dependency2_Method" name="tomato" time="0.006"/>
  <system-out/>
  <testcase classname="maven20102021.amazon.com.Dependency2_Method" name="vegetables" time="0.006"/>
  <system-out/>
  <testcase classname="maven20102021.amazon.com.Dependency2_Method" name="beans" time="0.027"/>
  <system-out/>
  <testcase classname="maven20102021.amazon.com.Dependency2_Method" name="fruits" time="0.003"/>
  <system-out/>
  <testcase classname="maven20102021.amazon.com.Dependency2_Method" name="carrot" time="0.004"/>
  <system-out/>
  <testcase classname="maven20102021.amazon.com.Dependency2_Method" name="apple" time="0.004"/>
  <system-out/>
  <testcase classname="maven20102021.amazon.com.Dependency2_Method" name="potato" time="0.004"/>
  <system-out/>
  <testcase classname="maven20102021.amazon.com.Dependency2_Method" name="grapes" time="0.004"/>
  <system-out/>
  <testcase classname="maven20102021.amazon.com.Dependency2_Method" name="mango" time="0.004"/>
  <system-out/>
</testsuite> <!-- maven20102021.amazon.com.Dependency2_Method -->
