<?xml version="1.0" encoding="UTF-8"?>
<!-- Generated by org.testng.reporters.JUnitReportReporter -->
<testsuite hostname="DESKTOP-AQKO3ES" failures="0" tests="6" name="maven20102021.amazon.com.Day3_Expectedexcep" time="0.067" errors="0" timestamp="2021-10-28T18:59:19 IST" skipped="0">
  <testcase classname="maven20102021.amazon.com.Day3_Expectedexcep" name="divide" time="0.004"/>
  <system-out/>
  <testcase classname="maven20102021.amazon.com.Day3_Expectedexcep" name="sub" time="0.004"/>
  <system-out/>
  <testcase classname="maven20102021.amazon.com.Day3_Expectedexcep" name="division" time="0.005"/>
  <system-out/>
  <testcase classname="maven20102021.amazon.com.Day3_Expectedexcep" name="add" time="0.040"/>
  <system-out/>
  <testcase classname="maven20102021.amazon.com.Day3_Expectedexcep" name="array" time="0.005"/>
  <system-out/>
  <testcase classname="maven20102021.amazon.com.Day3_Expectedexcep" name="multiple" time="0.009"/>
  <system-out/>
</testsuite> <!-- maven20102021.amazon.com.Day3_Expectedexcep -->
