<?xml version="1.0" encoding="UTF-8"?>
<!-- Generated by org.testng.reporters.JUnitReportReporter -->
<testsuite hostname="DESKTOP-AQKO3ES" failures="0" tests="3" name="maven20102021.amazon.com.Parallel_Demo_practice" time="136.782" errors="0" timestamp="2021-11-05T20:45:48 IST" skipped="0">
  <testcase classname="maven20102021.amazon.com.Parallel_Demo_practice" name="googleChrome" time="44.010"/>
  <system-out/>
  <testcase classname="maven20102021.amazon.com.Parallel_Demo_practice" name="bing" time="44.119"/>
  <system-out/>
  <testcase classname="maven20102021.amazon.com.Parallel_Demo_practice" name="internetExplorer" time="48.653"/>
  <system-out/>
</testsuite> <!-- maven20102021.amazon.com.Parallel_Demo_practice -->
