<?xml version="1.0" encoding="UTF-8"?>
<!-- Generated by org.testng.reporters.JUnitReportReporter -->
<testsuite hostname="DESKTOP-AQKO3ES" failures="0" tests="4" name="maven20102021.amazon.com.Day3_Include" time="0.066" errors="0" timestamp="2021-10-28T19:18:57 IST" skipped="0">
  <testcase classname="maven20102021.amazon.com.Day3_Include" name="Homepage" time="0.011"/>
  <system-out/>
  <testcase classname="maven20102021.amazon.com.Day3_Include" name="Login" time="0.026"/>
  <system-out/>
  <testcase classname="maven20102021.amazon.com.Day3_Include" name="BrowserLaunch" time="0.006"/>
  <system-out/>
  <testcase classname="maven20102021.amazon.com.Day3_Include" name="Setup" time="0.023"/>
  <system-out/>
</testsuite> <!-- maven20102021.amazon.com.Day3_Include -->
