<?xml version="1.0" encoding="UTF-8"?>
<!-- Generated by org.testng.reporters.JUnitReportReporter -->
<testsuite hostname="DESKTOP-AQKO3ES" failures="0" tests="5" name="maven20102021.amazon.com.Day2_Ignore" time="0.078" errors="0" timestamp="2021-10-26T11:23:21 IST" skipped="0">
  <testcase classname="maven20102021.amazon.com.Day2_Ignore" name="LakmeProduct" time="0.010"/>
  <system-out/>
  <testcase classname="maven20102021.amazon.com.Day2_Ignore" name="LiquidFoundation" time="0.006"/>
  <system-out/>
  <testcase classname="maven20102021.amazon.com.Day2_Ignore" name="SearchBrowser" time="0.019"/>
  <system-out/>
  <testcase classname="maven20102021.amazon.com.Day2_Ignore" name="Kajal" time="0.033"/>
  <system-out/>
  <testcase classname="maven20102021.amazon.com.Day2_Ignore" name="SearchFashion" time="0.010"/>
  <system-out/>
</testsuite> <!-- maven20102021.amazon.com.Day2_Ignore -->
