<?xml version="1.0" encoding="UTF-8"?>
<!-- Generated by org.testng.reporters.JUnitReportReporter -->
<testsuite hostname="DESKTOP-AQKO3ES" failures="0" tests="18" name="maven20102021.amazon.com.Day3_Innovocation" time="0.126" errors="0" timestamp="2021-10-28T18:57:50 IST" skipped="0">
  <testcase classname="maven20102021.amazon.com.Day3_Innovocation" name="url" time="0.003"/>
  <system-out/>
  <testcase classname="maven20102021.amazon.com.Day3_Innovocation" name="logout" time="0.004"/>
  <system-out/>
  <testcase classname="maven20102021.amazon.com.Day3_Innovocation" name="homepage" time="0.010"/>
  <system-out/>
  <testcase classname="maven20102021.amazon.com.Day3_Innovocation" name="url" time="0.009"/>
  <system-out/>
  <testcase classname="maven20102021.amazon.com.Day3_Innovocation" name="logout" time="0.004"/>
  <system-out/>
  <testcase classname="maven20102021.amazon.com.Day3_Innovocation" name="url" time="0.006"/>
  <system-out/>
  <testcase classname="maven20102021.amazon.com.Day3_Innovocation" name="close" time="0.005"/>
  <system-out/>
  <testcase classname="maven20102021.amazon.com.Day3_Innovocation" name="logout" time="0.009"/>
  <system-out/>
  <testcase classname="maven20102021.amazon.com.Day3_Innovocation" name="logout" time="0.004"/>
  <system-out/>
  <testcase classname="maven20102021.amazon.com.Day3_Innovocation" name="url" time="0.007"/>
  <system-out/>
  <testcase classname="maven20102021.amazon.com.Day3_Innovocation" name="logout" time="0.005"/>
  <system-out/>
  <testcase classname="maven20102021.amazon.com.Day3_Innovocation" name="url" time="0.006"/>
  <system-out/>
  <testcase classname="maven20102021.amazon.com.Day3_Innovocation" name="logout" time="0.004"/>
  <system-out/>
  <testcase classname="maven20102021.amazon.com.Day3_Innovocation" name="bestSellers" time="0.006"/>
  <system-out/>
  <testcase classname="maven20102021.amazon.com.Day3_Innovocation" name="login" time="0.005"/>
  <system-out/>
  <testcase classname="maven20102021.amazon.com.Day3_Innovocation" name="bestSellers" time="0.005"/>
  <system-out/>
  <testcase classname="maven20102021.amazon.com.Day3_Innovocation" name="bestSellers" time="0.004"/>
  <system-out/>
  <testcase classname="maven20102021.amazon.com.Day3_Innovocation" name="bestSellers" time="0.030"/>
  <system-out/>
</testsuite> <!-- maven20102021.amazon.com.Day3_Innovocation -->
