<?xml version="1.0" encoding="UTF-8"?>
<!-- Generated by org.testng.reporters.JUnitReportReporter -->
<testsuite hostname="DESKTOP-AQKO3ES" failures="0" tests="1" name="maven20102021.amazon.com.Login_Setup_Day1" time="0.055" errors="0" timestamp="2021-10-25T21:25:55 IST" skipped="0">
  <testcase classname="maven20102021.amazon.com.Login_Setup_Day1" name="SearchBrowser" time="0.055"/>
  <system-out/>
</testsuite> <!-- maven20102021.amazon.com.Login_Setup_Day1 -->
