<?xml version="1.0" encoding="UTF-8"?>
<!-- Generated by org.testng.reporters.JUnitReportReporter -->
<testsuite hostname="DESKTOP-AQKO3ES" failures="0" tests="3" name="maven20102021.amazon.com.Day3_Timeout" time="0.058" errors="0" timestamp="2021-10-28T18:47:52 IST" skipped="0">
  <testcase classname="maven20102021.amazon.com.Day3_Timeout" name="logout" time="0.024"/>
  <system-out/>
  <testcase classname="maven20102021.amazon.com.Day3_Timeout" name="login" time="0.005"/>
  <system-out/>
  <testcase classname="maven20102021.amazon.com.Day3_Timeout" name="browserLaunch" time="0.029"/>
  <system-out/>
</testsuite> <!-- maven20102021.amazon.com.Day3_Timeout -->
