<?xml version="1.0" encoding="UTF-8"?>
<!-- Generated by org.testng.reporters.JUnitReportReporter -->
<testsuite hostname="DESKTOP-AQKO3ES" failures="0" tests="6" name="maven20102021.amazon.com.Day4_Grouping_Of_Groups" time="0.048" errors="0" timestamp="2021-10-28T22:50:07 IST" skipped="0">
  <testcase classname="maven20102021.amazon.com.Day4_Grouping_Of_Groups" name="accountNumber" time="0.028"/>
  <system-out/>
  <testcase classname="maven20102021.amazon.com.Day4_Grouping_Of_Groups" name="ifscCode" time="0.004"/>
  <system-out/>
  <testcase classname="maven20102021.amazon.com.Day4_Grouping_Of_Groups" name="department" time="0.004"/>
  <system-out/>
  <testcase classname="maven20102021.amazon.com.Day4_Grouping_Of_Groups" name="companyName" time="0.004"/>
  <system-out/>
  <testcase classname="maven20102021.amazon.com.Day4_Grouping_Of_Groups" name="branch" time="0.004"/>
  <system-out/>
  <testcase classname="maven20102021.amazon.com.Day4_Grouping_Of_Groups" name="designation" time="0.004"/>
  <system-out/>
</testsuite> <!-- maven20102021.amazon.com.Day4_Grouping_Of_Groups -->
