<?xml version="1.0" encoding="UTF-8"?>
<!-- Generated by org.testng.reporters.JUnitReportReporter -->
<testsuite hostname="DESKTOP-AQKO3ES" failures="0" tests="1" name="maven20102021.amazon.com.Simple_Annotations" time="0.073" errors="0" timestamp="2021-10-26T09:30:13 IST" skipped="0">
  <testcase classname="maven20102021.amazon.com.Simple_Annotations" name="SearchBrowser" time="0.073"/>
  <system-out/>
</testsuite> <!-- maven20102021.amazon.com.Simple_Annotations -->
