<?xml version="1.0" encoding="UTF-8"?>
<!-- Generated by org.testng.reporters.JUnitReportReporter -->
<testsuite hostname="DESKTOP-AQKO3ES" failures="0" tests="4" name="maven20102021.amazon.com.Dependency_Method" time="0.017" errors="0" timestamp="2021-11-08T11:34:30 IST" skipped="0">
  <testcase classname="maven20102021.amazon.com.Dependency_Method" name="fruits" time="0.003"/>
  <system-out/>
  <testcase classname="maven20102021.amazon.com.Dependency_Method" name="mango" time="0.006"/>
  <system-out/>
  <testcase classname="maven20102021.amazon.com.Dependency_Method" name="apple" time="0.004"/>
  <system-out/>
  <testcase classname="maven20102021.amazon.com.Dependency_Method" name="grapes" time="0.004"/>
  <system-out/>
</testsuite> <!-- maven20102021.amazon.com.Dependency_Method -->
